<?xml version="1.0" encoding="UTF-8"?>
<!-- Generated by org.testng.reporters.JUnitXMLReporter -->
<testsuite ignored="2" hostname="LAPTOP-EAG9CDBF" failures="3" tests="14" name="Test" time="556.243" errors="0" timestamp="2022-04-16T19:30:08 IST">
  <testcase classname="com.automation.testCases.HomePage_Test" name="arrivalNavigationTest" time="11.662"/>
  <testcase classname="com.automation.testCases.HomePage_Test" name="arrivals_Test" time="0.185"/>
  <testcase classname="com.automation.testCases.HomePage_Test" name="slider_Test" time="0.19"/>
  <testcase classname="com.automation.testCases.Registration_Test" name="regTest_validCredentials" time="47.122">
    <failure type="java.lang.NullPointerException" message="Cannot invoke &amp;quot;org.openqa.selenium.WebElement.getText()&amp;quot; because the return value of &amp;quot;com.automation.pageObject.RegistrationOrLoginPage.getElement(org.openqa.selenium.By)&amp;quot; is null">
      <![CDATA[java.lang.NullPointerException: Cannot invoke "org.openqa.selenium.WebElement.getText()" because the return value of "com.automation.pageObject.RegistrationOrLoginPage.getElement(org.openqa.selenium.By)" is null
at com.automation.pageObject.RegistrationOrLoginPage.doRegistration(RegistrationOrLoginPage.java:40)
at com.automation.testCases.Registration_Test.regTest_validCredentials(Registration_Test.java:16)
at java.base/java.util.ArrayList.forEach(ArrayList.java:1511)
... Removed 27 stack frames]]>
    </failure>
  </testcase> <!-- regTest_validCredentials -->
  <testcase classname="com.automation.testCases.Registration_Test" name="regTest_invalid_emailId" time="45.98">
    <failure type="java.lang.NullPointerException" message="Cannot invoke &amp;quot;org.openqa.selenium.WebElement.getText()&amp;quot; because the return value of &amp;quot;com.automation.pageObject.RegistrationOrLoginPage.getElement(org.openqa.selenium.By)&amp;quot; is null">
      <![CDATA[java.lang.NullPointerException: Cannot invoke "org.openqa.selenium.WebElement.getText()" because the return value of "com.automation.pageObject.RegistrationOrLoginPage.getElement(org.openqa.selenium.By)" is null
at com.automation.pageObject.RegistrationOrLoginPage.doRegistration(RegistrationOrLoginPage.java:40)
at com.automation.testCases.Registration_Test.regTest_invalid_emailId(Registration_Test.java:23)
at java.base/java.util.ArrayList.forEach(ArrayList.java:1511)
... Removed 27 stack frames]]>
    </failure>
  </testcase> <!-- regTest_invalid_emailId -->
  <testcase classname="com.automation.testCases.Login_Test" name="caseChange_Test" time="22.407"/>
  <testcase classname="com.automation.testCases.Login_Test" name="loginAuthontication" time="33.083"/>
  <testcase classname="com.automation.testCases.Login_Test" name="loginTestWithInvalidCreedentials" time="13.081"/>
  <testcase classname="com.automation.testCases.Login_Test" name="loginTestWithInvalidCreedentials" time="13.53"/>
  <testcase classname="com.automation.testCases.Login_Test" name="loginTestWithInvalidCreedentials" time="12.272"/>
  <testcase classname="com.automation.testCases.Login_Test" name="loginTestWithInvalidCreedentials" time="13.788"/>
  <testcase classname="com.automation.testCases.Login_Test" name="loginTestWithValidCredentials" time="15.457"/>
  <testcase classname="com.automation.testCases.Login_Test" name="passwordFiled_Test" time="7.072"/>
  <testcase classname="com.automation.testCases.ProductPageTest" name="descriptionTest" time="13.812">
    <failure type="java.lang.AssertionError" message="expected [q] but found [p]">
      <![CDATA[java.lang.AssertionError: expected [q] but found [p]
at com.automation.pageObject.ProductPage.description(ProductPage.java:29)
at com.automation.testCases.ProductPageTest.descriptionTest(ProductPageTest.java:14)
at java.base/java.util.ArrayList.forEach(ArrayList.java:1511)
... Removed 33 stack frames]]>
    </failure>
  </testcase> <!-- descriptionTest -->
  <testcase classname="com.automation.testCases.ProductPageTest" name="addToCartTest" time="0.0">
    <ignored/>
  </testcase> <!-- addToCartTest -->
  <testcase classname="com.automation.testCases.ProductPageTest" name="reviewTest" time="0.0">
    <ignored/>
  </testcase> <!-- reviewTest -->
</testsuite> <!-- Test -->
