<html>
<head>
<title>TestNG:  Test</title>
<link href="../testng.css" rel="stylesheet" type="text/css" />
<link href="../my-testng.css" rel="stylesheet" type="text/css" />

<style type="text/css">
.log { display: none;} 
.stack-trace { display: none;} 
</style>
<script type="text/javascript">
<!--
function flip(e) {
  current = e.style.display;
  if (current == 'block') {
    e.style.display = 'none';
    return 0;
  }
  else {
    e.style.display = 'block';
    return 1;
  }
}

function toggleBox(szDivId, elem, msg1, msg2)
{
  var res = -1;  if (document.getElementById) {
    res = flip(document.getElementById(szDivId));
  }
  else if (document.all) {
    // this is the way old msie versions work
    res = flip(document.all[szDivId]);
  }
  if(elem) {
    if(res == 0) elem.innerHTML = msg1; else elem.innerHTML = msg2;
  }

}

function toggleAllBoxes() {
  if (document.getElementsByTagName) {
    d = document.getElementsByTagName('div');
    for (i = 0; i < d.length; i++) {
      if (d[i].className == 'log') {
        flip(d[i]);
      }
    }
  }
}

// -->
</script>

</head>
<body>
<h2 align='center'>Test</h2><table border='1' align="center">
<tr>
<td>Tests passed/Failed/Skipped:</td><td>11/3/0</td>
</tr><tr>
<td>Started on:</td><td>Sat Apr 16 19:20:52 IST 2022</td>
</tr>
<tr><td>Total time:</td><td>556 seconds (556243 ms)</td>
</tr><tr>
<td>Included groups:</td><td></td>
</tr><tr>
<td>Excluded groups:</td><td></td>
</tr>
</table><p/>
<small><i>(Hover the method name to see the test class name)</i></small><p/>
<table width='100%' border='1' class='invocation-failed'>
<tr><td colspan='4' align='center'><b>FAILED TESTS</b></td></tr>
<tr><td><b>Test method</b></td>
<td width="30%"><b>Exception</b></td>
<td width="10%"><b>Time (seconds)</b></td>
<td><b>Instance</b></td>
</tr>
<tr>
<td title='com.automation.testCases.ProductPageTest.descriptionTest()'><b>descriptionTest</b><br>Test class: com.automation.testCases.ProductPageTest</td>
<td><div><pre>java.lang.AssertionError: expected [q] but found [p]
	at com.automation.pageObject.ProductPage.description(ProductPage.java:29)
	at com.automation.testCases.ProductPageTest.descriptionTest(ProductPageTest.java:14)
	at java.base/java.util.ArrayList.forEach(ArrayList.java:1511)
... Removed 33 stack frames</pre></div><a href='#' onClick='toggleBox("stack-trace1380137286", this, "Click to show all stack frames", "Click to hide stack frames")'>Click to show all stack frames</a>
<div class='stack-trace' id='stack-trace1380137286'><pre>java.lang.AssertionError: expected [q] but found [p]
	at org.testng.Assert.fail(Assert.java:110)
	at org.testng.Assert.failNotEquals(Assert.java:1413)
	at org.testng.Assert.assertEqualsImpl(Assert.java:149)
	at org.testng.Assert.assertEquals(Assert.java:131)
	at org.testng.Assert.assertEquals(Assert.java:655)
	at org.testng.Assert.assertEquals(Assert.java:665)
	at com.automation.pageObject.ProductPage.description(ProductPage.java:29)
	at com.automation.testCases.ProductPageTest.descriptionTest(ProductPageTest.java:14)
	at java.base/jdk.internal.reflect.NativeMethodAccessorImpl.invoke0(Native Method)
	at java.base/jdk.internal.reflect.NativeMethodAccessorImpl.invoke(NativeMethodAccessorImpl.java:78)
	at java.base/jdk.internal.reflect.DelegatingMethodAccessorImpl.invoke(DelegatingMethodAccessorImpl.java:43)
	at java.base/java.lang.reflect.Method.invoke(Method.java:567)
	at org.testng.internal.invokers.MethodInvocationHelper.invokeMethod(MethodInvocationHelper.java:135)
	at org.testng.internal.invokers.TestInvoker.invokeMethod(TestInvoker.java:673)
	at org.testng.internal.invokers.TestInvoker.invokeTestMethod(TestInvoker.java:220)
	at org.testng.internal.invokers.MethodRunner.runInSequence(MethodRunner.java:50)
	at org.testng.internal.invokers.TestInvoker$MethodInvocationAgent.invoke(TestInvoker.java:945)
	at org.testng.internal.invokers.TestInvoker.invokeTestMethods(TestInvoker.java:193)
	at org.testng.internal.invokers.TestMethodWorker.invokeTestMethods(TestMethodWorker.java:146)
	at org.testng.internal.invokers.TestMethodWorker.run(TestMethodWorker.java:128)
	at java.base/java.util.ArrayList.forEach(ArrayList.java:1511)
	at org.testng.TestRunner.privateRun(TestRunner.java:808)
	at org.testng.TestRunner.run(TestRunner.java:603)
	at org.testng.SuiteRunner.runTest(SuiteRunner.java:429)
	at org.testng.SuiteRunner.runSequentially(SuiteRunner.java:423)
	at org.testng.SuiteRunner.privateRun(SuiteRunner.java:383)
	at org.testng.SuiteRunner.run(SuiteRunner.java:326)
	at org.testng.SuiteRunnerWorker.runSuite(SuiteRunnerWorker.java:52)
	at org.testng.SuiteRunnerWorker.run(SuiteRunnerWorker.java:95)
	at org.testng.TestNG.runSuitesSequentially(TestNG.java:1249)
	at org.testng.TestNG.runSuitesLocally(TestNG.java:1169)
	at org.testng.TestNG.runSuites(TestNG.java:1092)
	at org.testng.TestNG.run(TestNG.java:1060)
	at org.testng.remote.AbstractRemoteTestNG.run(AbstractRemoteTestNG.java:115)
	at org.testng.remote.RemoteTestNG.initAndRun(RemoteTestNG.java:251)
	at org.testng.remote.RemoteTestNG.main(RemoteTestNG.java:77)
</pre></div></td>
<td>13</td>
<td>com.automation.testCases.ProductPageTest@26d9b808</td></tr>
<tr>
<td title='com.automation.testCases.Registration_Test.regTest_validCredentials()'><b>regTest_validCredentials</b><br>Test class: com.automation.testCases.Registration_Test</td>
<td><div><pre>java.lang.NullPointerException: Cannot invoke &quot;org.openqa.selenium.WebElement.getText()&quot; because the return value of &quot;com.automation.pageObject.RegistrationOrLoginPage.getElement(org.openqa.selenium.By)&quot; is null
	at com.automation.pageObject.RegistrationOrLoginPage.doRegistration(RegistrationOrLoginPage.java:40)
	at com.automation.testCases.Registration_Test.regTest_validCredentials(Registration_Test.java:16)
	at java.base/java.util.ArrayList.forEach(ArrayList.java:1511)
... Removed 27 stack frames</pre></div><a href='#' onClick='toggleBox("stack-trace636953520", this, "Click to show all stack frames", "Click to hide stack frames")'>Click to show all stack frames</a>
<div class='stack-trace' id='stack-trace636953520'><pre>java.lang.NullPointerException: Cannot invoke &quot;org.openqa.selenium.WebElement.getText()&quot; because the return value of &quot;com.automation.pageObject.RegistrationOrLoginPage.getElement(org.openqa.selenium.By)&quot; is null
	at com.automation.pageObject.RegistrationOrLoginPage.doRegistration(RegistrationOrLoginPage.java:40)
	at com.automation.testCases.Registration_Test.regTest_validCredentials(Registration_Test.java:16)
	at java.base/jdk.internal.reflect.NativeMethodAccessorImpl.invoke0(Native Method)
	at java.base/jdk.internal.reflect.NativeMethodAccessorImpl.invoke(NativeMethodAccessorImpl.java:78)
	at java.base/jdk.internal.reflect.DelegatingMethodAccessorImpl.invoke(DelegatingMethodAccessorImpl.java:43)
	at java.base/java.lang.reflect.Method.invoke(Method.java:567)
	at org.testng.internal.invokers.MethodInvocationHelper.invokeMethod(MethodInvocationHelper.java:135)
	at org.testng.internal.invokers.TestInvoker.invokeMethod(TestInvoker.java:673)
	at org.testng.internal.invokers.TestInvoker.invokeTestMethod(TestInvoker.java:220)
	at org.testng.internal.invokers.MethodRunner.runInSequence(MethodRunner.java:50)
	at org.testng.internal.invokers.TestInvoker$MethodInvocationAgent.invoke(TestInvoker.java:945)
	at org.testng.internal.invokers.TestInvoker.invokeTestMethods(TestInvoker.java:193)
	at org.testng.internal.invokers.TestMethodWorker.invokeTestMethods(TestMethodWorker.java:146)
	at org.testng.internal.invokers.TestMethodWorker.run(TestMethodWorker.java:128)
	at java.base/java.util.ArrayList.forEach(ArrayList.java:1511)
	at org.testng.TestRunner.privateRun(TestRunner.java:808)
	at org.testng.TestRunner.run(TestRunner.java:603)
	at org.testng.SuiteRunner.runTest(SuiteRunner.java:429)
	at org.testng.SuiteRunner.runSequentially(SuiteRunner.java:423)
	at org.testng.SuiteRunner.privateRun(SuiteRunner.java:383)
	at org.testng.SuiteRunner.run(SuiteRunner.java:326)
	at org.testng.SuiteRunnerWorker.runSuite(SuiteRunnerWorker.java:52)
	at org.testng.SuiteRunnerWorker.run(SuiteRunnerWorker.java:95)
	at org.testng.TestNG.runSuitesSequentially(TestNG.java:1249)
	at org.testng.TestNG.runSuitesLocally(TestNG.java:1169)
	at org.testng.TestNG.runSuites(TestNG.java:1092)
	at org.testng.TestNG.run(TestNG.java:1060)
	at org.testng.remote.AbstractRemoteTestNG.run(AbstractRemoteTestNG.java:115)
	at org.testng.remote.RemoteTestNG.initAndRun(RemoteTestNG.java:251)
	at org.testng.remote.RemoteTestNG.main(RemoteTestNG.java:77)
</pre></div></td>
<td>47</td>
<td>com.automation.testCases.Registration_Test@f0c8a99</td></tr>
<tr>
<td title='com.automation.testCases.Registration_Test.regTest_invalid_emailId()'><b>regTest_invalid_emailId</b><br>Test class: com.automation.testCases.Registration_Test</td>
<td><div><pre>java.lang.NullPointerException: Cannot invoke &quot;org.openqa.selenium.WebElement.getText()&quot; because the return value of &quot;com.automation.pageObject.RegistrationOrLoginPage.getElement(org.openqa.selenium.By)&quot; is null
	at com.automation.pageObject.RegistrationOrLoginPage.doRegistration(RegistrationOrLoginPage.java:40)
	at com.automation.testCases.Registration_Test.regTest_invalid_emailId(Registration_Test.java:23)
	at java.base/java.util.ArrayList.forEach(ArrayList.java:1511)
... Removed 27 stack frames</pre></div><a href='#' onClick='toggleBox("stack-trace1442089085", this, "Click to show all stack frames", "Click to hide stack frames")'>Click to show all stack frames</a>
<div class='stack-trace' id='stack-trace1442089085'><pre>java.lang.NullPointerException: Cannot invoke &quot;org.openqa.selenium.WebElement.getText()&quot; because the return value of &quot;com.automation.pageObject.RegistrationOrLoginPage.getElement(org.openqa.selenium.By)&quot; is null
	at com.automation.pageObject.RegistrationOrLoginPage.doRegistration(RegistrationOrLoginPage.java:40)
	at com.automation.testCases.Registration_Test.regTest_invalid_emailId(Registration_Test.java:23)
	at java.base/jdk.internal.reflect.NativeMethodAccessorImpl.invoke0(Native Method)
	at java.base/jdk.internal.reflect.NativeMethodAccessorImpl.invoke(NativeMethodAccessorImpl.java:78)
	at java.base/jdk.internal.reflect.DelegatingMethodAccessorImpl.invoke(DelegatingMethodAccessorImpl.java:43)
	at java.base/java.lang.reflect.Method.invoke(Method.java:567)
	at org.testng.internal.invokers.MethodInvocationHelper.invokeMethod(MethodInvocationHelper.java:135)
	at org.testng.internal.invokers.TestInvoker.invokeMethod(TestInvoker.java:673)
	at org.testng.internal.invokers.TestInvoker.invokeTestMethod(TestInvoker.java:220)
	at org.testng.internal.invokers.MethodRunner.runInSequence(MethodRunner.java:50)
	at org.testng.internal.invokers.TestInvoker$MethodInvocationAgent.invoke(TestInvoker.java:945)
	at org.testng.internal.invokers.TestInvoker.invokeTestMethods(TestInvoker.java:193)
	at org.testng.internal.invokers.TestMethodWorker.invokeTestMethods(TestMethodWorker.java:146)
	at org.testng.internal.invokers.TestMethodWorker.run(TestMethodWorker.java:128)
	at java.base/java.util.ArrayList.forEach(ArrayList.java:1511)
	at org.testng.TestRunner.privateRun(TestRunner.java:808)
	at org.testng.TestRunner.run(TestRunner.java:603)
	at org.testng.SuiteRunner.runTest(SuiteRunner.java:429)
	at org.testng.SuiteRunner.runSequentially(SuiteRunner.java:423)
	at org.testng.SuiteRunner.privateRun(SuiteRunner.java:383)
	at org.testng.SuiteRunner.run(SuiteRunner.java:326)
	at org.testng.SuiteRunnerWorker.runSuite(SuiteRunnerWorker.java:52)
	at org.testng.SuiteRunnerWorker.run(SuiteRunnerWorker.java:95)
	at org.testng.TestNG.runSuitesSequentially(TestNG.java:1249)
	at org.testng.TestNG.runSuitesLocally(TestNG.java:1169)
	at org.testng.TestNG.runSuites(TestNG.java:1092)
	at org.testng.TestNG.run(TestNG.java:1060)
	at org.testng.remote.AbstractRemoteTestNG.run(AbstractRemoteTestNG.java:115)
	at org.testng.remote.RemoteTestNG.initAndRun(RemoteTestNG.java:251)
	at org.testng.remote.RemoteTestNG.main(RemoteTestNG.java:77)
</pre></div></td>
<td>45</td>
<td>com.automation.testCases.Registration_Test@f0c8a99</td></tr>
</table><p>
<table width='100%' border='1' class='invocation-passed'>
<tr><td colspan='4' align='center'><b>PASSED TESTS</b></td></tr>
<tr><td><b>Test method</b></td>
<td width="30%"><b>Exception</b></td>
<td width="10%"><b>Time (seconds)</b></td>
<td><b>Instance</b></td>
</tr>
<tr>
<td title='com.automation.testCases.HomePage_Test.arrivals_Test()'><b>arrivals_Test</b><br>Test class: com.automation.testCases.HomePage_Test</td>
<td></td>
<td>0</td>
<td>com.automation.testCases.HomePage_Test@534a5a98</td></tr>
<tr>
<td title='com.automation.testCases.HomePage_Test.slider_Test()'><b>slider_Test</b><br>Test class: com.automation.testCases.HomePage_Test</td>
<td></td>
<td>0</td>
<td>com.automation.testCases.HomePage_Test@534a5a98</td></tr>
<tr>
<td title='com.automation.testCases.Login_Test.loginTestWithInvalidCreedentials()'><b>loginTestWithInvalidCreedentials</b><br>Test class: com.automation.testCases.Login_Test<br>Parameters: , </td>
<td></td>
<td>13</td>
<td>com.automation.testCases.Login_Test@740cae06</td></tr>
<tr>
<td title='com.automation.testCases.Login_Test.loginAuthontication()'><b>loginAuthontication</b><br>Test class: com.automation.testCases.Login_Test</td>
<td></td>
<td>33</td>
<td>com.automation.testCases.Login_Test@740cae06</td></tr>
<tr>
<td title='com.automation.testCases.Login_Test.caseChange_Test()'><b>caseChange_Test</b><br>Test class: com.automation.testCases.Login_Test</td>
<td></td>
<td>22</td>
<td>com.automation.testCases.Login_Test@740cae06</td></tr>
<tr>
<td title='com.automation.testCases.Login_Test.loginTestWithInvalidCreedentials()'><b>loginTestWithInvalidCreedentials</b><br>Test class: com.automation.testCases.Login_Test<br>Parameters: , dsd23rDA</td>
<td></td>
<td>12</td>
<td>com.automation.testCases.Login_Test@740cae06</td></tr>
<tr>
<td title='com.automation.testCases.Login_Test.loginTestWithValidCredentials()'><b>loginTestWithValidCredentials</b><br>Test class: com.automation.testCases.Login_Test</td>
<td></td>
<td>15</td>
<td>com.automation.testCases.Login_Test@740cae06</td></tr>
<tr>
<td title='com.automation.testCases.Login_Test.passwordFiled_Test()'><b>passwordFiled_Test</b><br>Test class: com.automation.testCases.Login_Test</td>
<td></td>
<td>7</td>
<td>com.automation.testCases.Login_Test@740cae06</td></tr>
<tr>
<td title='com.automation.testCases.HomePage_Test.arrivalNavigationTest()'><b>arrivalNavigationTest</b><br>Test class: com.automation.testCases.HomePage_Test</td>
<td></td>
<td>11</td>
<td>com.automation.testCases.HomePage_Test@534a5a98</td></tr>
<tr>
<td title='com.automation.testCases.Login_Test.loginTestWithInvalidCreedentials()'><b>loginTestWithInvalidCreedentials</b><br>Test class: com.automation.testCases.Login_Test<br>Parameters: pink.monk@gamil.com, </td>
<td></td>
<td>13</td>
<td>com.automation.testCases.Login_Test@740cae06</td></tr>
<tr>
<td title='com.automation.testCases.Login_Test.loginTestWithInvalidCreedentials()'><b>loginTestWithInvalidCreedentials</b><br>Test class: com.automation.testCases.Login_Test<br>Parameters: asda@asf, dsd</td>
<td></td>
<td>13</td>
<td>com.automation.testCases.Login_Test@740cae06</td></tr>
</table><p>
</body>
</html>